{"uid":"e6de71e5e269248d","name":"profilePageDisplayedAfterProfileClick on profilePageDisplayedAfterProfileClick(org.example.ProfileTest)","historyId":"TestSuite:org.example.ProfileTest#profilePageDisplayedAfterProfileClick on profilePageDisplayedAfterProfileClick(org.example.ProfileTest)","time":{"duration":6308},"status":"failed","statusMessage":"Element not found {By.xpath: //*[contains(text(),'Вход')]}\nExpected: exist\nScreenshot: file:/C:/projects/Diplom/QA-java-diplom-3/build/reports/tests/1662233695502.0.png\nPage source: file:/C:/projects/Diplom/QA-java-diplom-3/build/reports/tests/1662233695502.0.html\nTimeout: 4 s.\nCaused by: NoSuchElementException: no such element: Unable to locate element: {\"method\":\"xpath\",\"selector\":\"//*[contains(text(),'Вход')]\"}","statusTrace":"com.codeborne.selenide.ex.ElementNotFound: \nElement not found {By.xpath: //*[contains(text(),'Вход')]}\nExpected: exist\nScreenshot: file:/C:/projects/Diplom/QA-java-diplom-3/build/reports/tests/1662233695502.0.png\nPage source: file:/C:/projects/Diplom/QA-java-diplom-3/build/reports/tests/1662233695502.0.html\nTimeout: 4 s.\nCaused by: NoSuchElementException: no such element: Unable to locate element: {\"method\":\"xpath\",\"selector\":\"//*[contains(text(),'Вход')]\"}\n\tat org.example.ProfileTest.profilePageDisplayedAfterProfileClick(ProfileTest.java:53)\nCaused by: org.openqa.selenium.NoSuchElementException: \nno such element: Unable to locate element: {\"method\":\"xpath\",\"selector\":\"//*[contains(text(),'Вход')]\"}\n  (Session info: chrome=105.0.5195.53)\nFor documentation on this error, please visit: https://www.seleniumhq.org/exceptions/no_such_element.html\nBuild info: version: '3.141.59', revision: 'e82be7d358', time: '2018-11-14T08:17:03'\nSystem info: host: 'DESKTOP-6QTL72F', ip: '192.168.88.252', os.name: 'Windows 10', os.arch: 'amd64', os.version: '10.0', java.version: '11.0.14.1'\nDriver info: org.openqa.selenium.chrome.ChromeDriver\nCapabilities {acceptInsecureCerts: true, browserName: chrome, browserVersion: 105.0.5195.53, chrome: {chromedriverVersion: 105.0.5195.52 (412c95e51883..., userDataDir: C:\\Users\\73B5~1\\AppData\\Loc...}, goog:chromeOptions: {debuggerAddress: localhost:54038}, javascriptEnabled: true, networkConnectionEnabled: false, pageLoadStrategy: normal, platform: WINDOWS, platformName: WINDOWS, proxy: Proxy(), setWindowRect: true, strictFileInteractability: false, timeouts: {implicit: 0, pageLoad: 300000, script: 30000}, unhandledPromptBehavior: dismiss and notify, webauthn:extension:credBlob: true, webauthn:extension:largeBlob: true, webauthn:virtualAuthenticators: true}\nSession ID: db58a3766c1bd32edea3ce3e629fa887\n*** Element info: {Using=xpath, value=//*[contains(text(),'Вход')]}\n\tat org.example.ProfileTest.profilePageDisplayedAfterProfileClick(ProfileTest.java:53)\n","flaky":false,"newFailed":false,"newBroken":false,"newPassed":false,"retriesCount":0,"retriesStatusChange":false,"beforeStages":[],"testStage":{"steps":[{"name":"eyJhbGciOiJIUzI1NiIsInR5cCI6IkpXVCJ9.eyJpZCI6IjYzMTNhYzVhOTNlYmMyMDAxYjRiZmZkOCIsImlhdCI6MTY2MjIzMzY5NiwiZXhwIjoxNjYyMjM0ODk2fQ.ji3CDWRAbXropi546fnlNt9hgW7PNo-1A66FBO4wgQk","time":{},"steps":[],"attachments":[],"parameters":[],"attachmentsCount":0,"shouldDisplayMessage":false,"stepsCount":0,"hasContent":false}],"attachments":[],"parameters":[],"attachmentsCount":0,"shouldDisplayMessage":false,"stepsCount":1,"hasContent":true},"afterStages":[],"labels":[{"name":"resultFormat","value":"junit"},{"name":"suite","value":"TestSuite"},{"name":"testClass","value":"org.example.ProfileTest"},{"name":"package","value":"org.example.ProfileTest"}],"parameters":[],"links":[],"hidden":false,"retry":false,"extra":{"severity":"normal","retries":[],"categories":[{"name":"Product defects","matchedStatuses":[],"flaky":false}],"tags":[]},"source":"e6de71e5e269248d.json","parameterValues":[]}